This is pdfTeX, Version 3.14159265-2.6-1.40.16 (MiKTeX 2.9) (preloaded format=pdftex 2016.3.18)  18 MAR 2016 11:00
entering extended mode
**F:/latex/thesis/research.bib
(F:/latex/thesis/research.bib
Missing character: There is no Ê in font cmr10!
Missing character: There is no ¹ in font cmr10!

Overfull \hbox (17.32938pt too wide) in paragraph at lines 1--270
\tenrm thor=Marc'Aurelio Ran-zato, Christo-pher Poult-ney and Chopra, Sumit and
 Le-cun, Yann, book-ti-tle=ADVANCES|

\hbox(6.94444+1.94444)x469.75499, glue set - 1.0
.\tenrm t
.\tenrm h
.\tenrm o
.\tenrm r
.\tenrm =
.etc.


Overfull \hbox (12.57951pt too wide) in paragraph at lines 1--270
\tenrm nal=International Jour-nal of in-no-va-tive com-put-ing, in-for-ma-tion 
and con-trol, vol-ume=4, num-ber=1, pages=175--|

\hbox(6.94444+1.94444)x469.75499, glue set - 1.0
.\tenrm n
.\tenrm a
.\tenrm l
.\tenrm =
.\tenrm I
.etc.


Overfull \hbox (9.88503pt too wide) in paragraph at lines 1--270
\tenrm vol-ume = abs/1404.7828, year = 2014, url = http://arxiv.org/abs/1404.78
28,  @ar-ti-clerosen-blatt1962principles,|

\hbox(7.5+2.5)x469.75499, glue set - 1.0
.\tenrm v
.\kern-0.27779
.\tenrm o
.\tenrm l
.\discretionary
..\tenrm -
.etc.


Underfull \vbox (badness 10000) has occurred while \output is active
\vbox(643.20255+1.94444)x469.75499
.\glue(\topskip) 3.05556
.\hbox(6.94444+1.94444)x469.75499, glue set 0.37045
..\hbox(0.0+0.0)x20.0
..\tenrm @
..\tenrm i
..\tenrm n
..\tenrm p
..etc.
.\penalty 150
.\glue(\baselineskip) 3.11111
.\hbox(6.94444+1.94444)x469.75499, glue set 0.7213
..\tenrm a
..\tenrm u
..\discretionary
...\tenrm -
..\tenrm t
..\tenrm o
..etc.
.etc.

 [1{C:/Users/aoshuang/AppData/Local/MiKTeX/2.9/pdftex/config/pdftex.map}]
! Missing $ inserted.
<inserted text> 
                $
<to be read again> 
                   _
l.338 ...p://dx.doi.org/10.1007/978-3-642-33863-2_
                                                  51},
? 
! Emergency stop.
<inserted text> 
                $
<to be read again> 
                   _
l.338 ...p://dx.doi.org/10.1007/978-3-642-33863-2_
                                                  51},
End of file on the terminal!

!  ==> Fatal error occurred, no output PDF file produced!
