This is pdfTeX, Version 3.14159265-2.6-1.40.17 (MiKTeX 2.9) (preloaded format=pdflatex 2016.9.8)  10 FEB 2017 16:23
entering extended mode
**./Shuang.Thesis.tex
(Shuang.Thesis.tex
LaTeX2e <2016/03/31> patch level 3
Babel <3.9r> and hyphenation patterns for 75 language(s) loaded.
("C:\Program Files\MiKTeX 2.9\tex\latex\base\report.cls"
Document Class: report 2014/09/29 v1.4h Standard LaTeX document class
("C:\Program Files\MiKTeX 2.9\tex\latex\base\size12.clo"
File: size12.clo 2014/09/29 v1.4h Standard LaTeX file (size option)
)
\c@part=\count79
\c@chapter=\count80
\c@section=\count81
\c@subsection=\count82
\c@subsubsection=\count83
\c@paragraph=\count84
\c@subparagraph=\count85
\c@figure=\count86
\c@table=\count87
\abovecaptionskip=\skip41
\belowcaptionskip=\skip42
\bibindent=\dimen102
)
("C:\Program Files\MiKTeX 2.9\tex\latex\appendix\appendix.sty"
Package: appendix 2009/09/02 v1.2b extra appendix facilities
\c@@pps=\count88
\c@@ppsavesec=\count89
\c@@ppsaveapp=\count90
)
("C:\Program Files\MiKTeX 2.9\tex\latex\graphics\graphicx.sty"
Package: graphicx 2014/10/28 v1.0g Enhanced LaTeX Graphics (DPC,SPQR)

("C:\Program Files\MiKTeX 2.9\tex\latex\graphics\keyval.sty"
Package: keyval 2014/10/28 v1.15 key=value parser (DPC)
\KV@toks@=\toks14
)
("C:\Program Files\MiKTeX 2.9\tex\latex\graphics\graphics.sty"
Package: graphics 2016/07/10 v1.0t Standard LaTeX Graphics (DPC,SPQR)

("C:\Program Files\MiKTeX 2.9\tex\latex\graphics\trig.sty"
Package: trig 2016/01/03 v1.10 sin cos tan (DPC)
)
("C:\Program Files\MiKTeX 2.9\tex\latex\00miktex\graphics.cfg"
File: graphics.cfg 2016/06/04 v1.11 sample graphics configuration
)
Package graphics Info: Driver file: pdftex.def on input line 99.

("C:\Program Files\MiKTeX 2.9\tex\latex\graphics-def\pdftex.def"
File: pdftex.def 2016/07/10 v0.06j Graphics/color for pdfTeX

("C:\Program Files\MiKTeX 2.9\tex\generic\oberdiek\infwarerr.sty"
Package: infwarerr 2016/05/16 v1.4 Providing info/warning/error messages (HO)
)
("C:\Program Files\MiKTeX 2.9\tex\generic\oberdiek\ltxcmds.sty"
Package: ltxcmds 2016/05/16 v1.23 LaTeX kernel commands for general use (HO)
)
\Gread@gobject=\count91
))
\Gin@req@height=\dimen103
\Gin@req@width=\dimen104
)
("C:\Program Files\MiKTeX 2.9\tex\latex\amsmath\amsmath.sty"
Package: amsmath 2016/06/28 v2.15d AMS math features
\@mathmargin=\skip43

For additional information on amsmath, use the `?' option.
("C:\Program Files\MiKTeX 2.9\tex\latex\amsmath\amstext.sty"
Package: amstext 2000/06/29 v2.01 AMS text

("C:\Program Files\MiKTeX 2.9\tex\latex\amsmath\amsgen.sty"
File: amsgen.sty 1999/11/30 v2.0 generic functions
\@emptytoks=\toks15
\ex@=\dimen105
))
("C:\Program Files\MiKTeX 2.9\tex\latex\amsmath\amsbsy.sty"
Package: amsbsy 1999/11/29 v1.2d Bold Symbols
\pmbraise@=\dimen106
)
("C:\Program Files\MiKTeX 2.9\tex\latex\amsmath\amsopn.sty"
Package: amsopn 2016/03/08 v2.02 operator names
)
\inf@bad=\count92
LaTeX Info: Redefining \frac on input line 199.
\uproot@=\count93
\leftroot@=\count94
LaTeX Info: Redefining \overline on input line 297.
\classnum@=\count95
\DOTSCASE@=\count96
LaTeX Info: Redefining \ldots on input line 394.
LaTeX Info: Redefining \dots on input line 397.
LaTeX Info: Redefining \cdots on input line 518.
\Mathstrutbox@=\box26
\strutbox@=\box27
\big@size=\dimen107
LaTeX Font Info:    Redeclaring font encoding OML on input line 634.
LaTeX Font Info:    Redeclaring font encoding OMS on input line 635.
\macc@depth=\count97
\c@MaxMatrixCols=\count98
\dotsspace@=\muskip10
\c@parentequation=\count99
\dspbrk@lvl=\count100
\tag@help=\toks16
\row@=\count101
\column@=\count102
\maxfields@=\count103
\andhelp@=\toks17
\eqnshift@=\dimen108
\alignsep@=\dimen109
\tagshift@=\dimen110
\tagwidth@=\dimen111
\totwidth@=\dimen112
\lineht@=\dimen113
\@envbody=\toks18
\multlinegap=\skip44
\multlinetaggap=\skip45
\mathdisplay@stack=\toks19
LaTeX Info: Redefining \[ on input line 2739.
LaTeX Info: Redefining \] on input line 2740.
)
("C:\Program Files\MiKTeX 2.9\tex\latex\smartref\smartref.sty"
Package: smartref 2002/02/28 v1.9 Increase reference capability (deep reference
)
\c@@smartlistlen=\count104
\c@less@smartlist=\count105
\c@@currsmartlistplace=\count106
\sm@rtintern@ltok=\toks20
)
("C:\Program Files\MiKTeX 2.9\tex\latex\smartref\byname.sty"
Package: byname 2001/07/12 v1.1 Increase reference capability (reference by nam
e)
)
("C:\Program Files\MiKTeX 2.9\tex\latex\multirow\multirow.sty"
\bigstrutjot=\dimen114
)
("C:\Program Files\MiKTeX 2.9\tex\latex\txfonts\txfonts.sty"
Package: txfonts 2008/01/22 v3.2.1
LaTeX Font Info:    Redeclaring symbol font `operators' on input line 21.
LaTeX Font Info:    Overwriting symbol font `operators' in version `normal'
(Font)                  OT1/cmr/m/n --> OT1/txr/m/n on input line 21.
LaTeX Font Info:    Overwriting symbol font `operators' in version `bold'
(Font)                  OT1/cmr/bx/n --> OT1/txr/m/n on input line 21.
LaTeX Font Info:    Overwriting symbol font `operators' in version `bold'
(Font)                  OT1/txr/m/n --> OT1/txr/bx/n on input line 22.
\symitalic=\mathgroup4
LaTeX Font Info:    Overwriting symbol font `italic' in version `bold'
(Font)                  OT1/txr/m/it --> OT1/txr/bx/it on input line 26.
LaTeX Font Info:    Redeclaring math alphabet \mathbf on input line 29.
LaTeX Font Info:    Overwriting math alphabet `\mathbf' in version `normal'
(Font)                  OT1/cmr/bx/n --> OT1/txr/bx/n on input line 29.
LaTeX Font Info:    Overwriting math alphabet `\mathbf' in version `bold'
(Font)                  OT1/cmr/bx/n --> OT1/txr/bx/n on input line 29.
LaTeX Font Info:    Redeclaring math alphabet \mathit on input line 30.
LaTeX Font Info:    Overwriting math alphabet `\mathit' in version `normal'
(Font)                  OT1/cmr/m/it --> OT1/txr/m/it on input line 30.
LaTeX Font Info:    Overwriting math alphabet `\mathit' in version `bold'
(Font)                  OT1/cmr/bx/it --> OT1/txr/m/it on input line 30.
LaTeX Font Info:    Overwriting math alphabet `\mathit' in version `bold'
(Font)                  OT1/txr/m/it --> OT1/txr/bx/it on input line 31.
LaTeX Font Info:    Redeclaring math alphabet \mathsf on input line 40.
LaTeX Font Info:    Overwriting math alphabet `\mathsf' in version `normal'
(Font)                  OT1/cmss/m/n --> OT1/txss/m/n on input line 40.
LaTeX Font Info:    Overwriting math alphabet `\mathsf' in version `bold'
(Font)                  OT1/cmss/bx/n --> OT1/txss/m/n on input line 40.
LaTeX Font Info:    Overwriting math alphabet `\mathsf' in version `bold'
(Font)                  OT1/txss/m/n --> OT1/txss/b/n on input line 41.
LaTeX Font Info:    Redeclaring math alphabet \mathtt on input line 50.
LaTeX Font Info:    Overwriting math alphabet `\mathtt' in version `normal'
(Font)                  OT1/cmtt/m/n --> OT1/txtt/m/n on input line 50.
LaTeX Font Info:    Overwriting math alphabet `\mathtt' in version `bold'
(Font)                  OT1/cmtt/m/n --> OT1/txtt/m/n on input line 50.
LaTeX Font Info:    Overwriting math alphabet `\mathtt' in version `bold'
(Font)                  OT1/txtt/m/n --> OT1/txtt/b/n on input line 51.
LaTeX Font Info:    Redeclaring symbol font `letters' on input line 58.
LaTeX Font Info:    Overwriting symbol font `letters' in version `normal'
(Font)                  OML/cmm/m/it --> OML/txmi/m/it on input line 58.
LaTeX Font Info:    Overwriting symbol font `letters' in version `bold'
(Font)                  OML/cmm/b/it --> OML/txmi/m/it on input line 58.
LaTeX Font Info:    Overwriting symbol font `letters' in version `bold'
(Font)                  OML/txmi/m/it --> OML/txmi/bx/it on input line 59.
\symlettersA=\mathgroup5
LaTeX Font Info:    Overwriting symbol font `lettersA' in version `bold'
(Font)                  U/txmia/m/it --> U/txmia/bx/it on input line 67.
LaTeX Font Info:    Redeclaring symbol font `symbols' on input line 77.
LaTeX Font Info:    Overwriting symbol font `symbols' in version `normal'
(Font)                  OMS/cmsy/m/n --> OMS/txsy/m/n on input line 77.
LaTeX Font Info:    Overwriting symbol font `symbols' in version `bold'
(Font)                  OMS/cmsy/b/n --> OMS/txsy/m/n on input line 77.
LaTeX Font Info:    Overwriting symbol font `symbols' in version `bold'
(Font)                  OMS/txsy/m/n --> OMS/txsy/bx/n on input line 78.
\symAMSa=\mathgroup6
LaTeX Font Info:    Overwriting symbol font `AMSa' in version `bold'
(Font)                  U/txsya/m/n --> U/txsya/bx/n on input line 94.
\symAMSb=\mathgroup7
LaTeX Font Info:    Overwriting symbol font `AMSb' in version `bold'
(Font)                  U/txsyb/m/n --> U/txsyb/bx/n on input line 103.
\symsymbolsC=\mathgroup8
LaTeX Font Info:    Overwriting symbol font `symbolsC' in version `bold'
(Font)                  U/txsyc/m/n --> U/txsyc/bx/n on input line 113.
LaTeX Font Info:    Redeclaring symbol font `largesymbols' on input line 120.
LaTeX Font Info:    Overwriting symbol font `largesymbols' in version `normal'
(Font)                  OMX/cmex/m/n --> OMX/txex/m/n on input line 120.
LaTeX Font Info:    Overwriting symbol font `largesymbols' in version `bold'
(Font)                  OMX/cmex/m/n --> OMX/txex/m/n on input line 120.
LaTeX Font Info:    Overwriting symbol font `largesymbols' in version `bold'
(Font)                  OMX/txex/m/n --> OMX/txex/bx/n on input line 121.
\symlargesymbolsA=\mathgroup9
LaTeX Font Info:    Overwriting symbol font `largesymbolsA' in version `bold'
(Font)                  U/txexa/m/n --> U/txexa/bx/n on input line 129.
LaTeX Info: Redefining \not on input line 1043.
)
("C:\Program Files\MiKTeX 2.9\tex\latex\graphics\lscape.sty"
Package: lscape 2000/10/22 v3.01 Landscape Pages (DPC)
)
("C:\Program Files\MiKTeX 2.9\tex\latex\tocloft\tocloft.sty"
Package: tocloft 2013/05/02 v2.3f parameterised ToC, etc., typesetting
Package tocloft Info: The document has chapter divisions on input line 44.
\cftparskip=\skip46
\cftbeforetoctitleskip=\skip47
\cftaftertoctitleskip=\skip48
\cftbeforepartskip=\skip49
\cftpartnumwidth=\skip50
\cftpartindent=\skip51
\cftbeforechapskip=\skip52
\cftchapindent=\skip53
\cftchapnumwidth=\skip54
\cftbeforesecskip=\skip55
\cftsecindent=\skip56
\cftsecnumwidth=\skip57
\cftbeforesubsecskip=\skip58
\cftsubsecindent=\skip59
\cftsubsecnumwidth=\skip60
\cftbeforesubsubsecskip=\skip61
\cftsubsubsecindent=\skip62
\cftsubsubsecnumwidth=\skip63
\cftbeforeparaskip=\skip64
\cftparaindent=\skip65
\cftparanumwidth=\skip66
\cftbeforesubparaskip=\skip67
\cftsubparaindent=\skip68
\cftsubparanumwidth=\skip69
\cftbeforeloftitleskip=\skip70
\cftafterloftitleskip=\skip71
\cftbeforefigskip=\skip72
\cftfigindent=\skip73
\cftfignumwidth=\skip74
\c@lofdepth=\count107
\c@lotdepth=\count108
\cftbeforelottitleskip=\skip75
\cftafterlottitleskip=\skip76
\cftbeforetabskip=\skip77
\cfttabindent=\skip78
\cfttabnumwidth=\skip79
)
("C:\Program Files\MiKTeX 2.9\tex\latex\subfig\subfig.sty"
Package: subfig 2005/06/28 ver: 1.3 subfig package

("C:\Program Files\MiKTeX 2.9\tex\latex\caption\caption.sty"
Package: caption 2016/02/21 v3.3-144 Customizing captions (AR)

("C:\Program Files\MiKTeX 2.9\tex\latex\caption\caption3.sty"
Package: caption3 2016/05/22 v1.7-166 caption3 kernel (AR)
Package caption3 Info: TeX engine: e-TeX on input line 67.
\captionmargin=\dimen115
\captionmargin@=\dimen116
\captionwidth=\dimen117
\caption@tempdima=\dimen118
\caption@indent=\dimen119
\caption@parindent=\dimen120
\caption@hangindent=\dimen121
)
\c@ContinuedFloat=\count109
)
\c@KVtest=\count110
\sf@farskip=\skip80
\sf@captopadj=\dimen122
\sf@capskip=\skip81
\sf@nearskip=\skip82
\c@subfigure=\count111
\c@subfigure@save=\count112
\c@subtable=\count113
\c@subtable@save=\count114
\sf@top=\skip83
\sf@bottom=\skip84
)
("C:\Program Files\MiKTeX 2.9\tex\latex\lipsum\lipsum.sty"
Package: lipsum 2014/07/27 v1.3 150 paragraphs of Lorem Ipsum dummy text
\c@lips@count=\count115
)
("C:\Program Files\MiKTeX 2.9\tex\latex\tools\array.sty"
Package: array 2014/10/28 v2.4c Tabular extension package (FMi)
\col@sep=\dimen123
\extrarowheight=\dimen124
\NC@list=\toks21
\extratabsurround=\skip85
\backup@length=\skip86
)
("C:\Program Files\MiKTeX 2.9\tex\latex\algorithms\algorithm.sty"
Package: algorithm 2009/08/24 v0.1 Document Style `algorithm' - floating enviro
nment

("C:\Program Files\MiKTeX 2.9\tex\latex\float\float.sty"
Package: float 2001/11/08 v1.3d Float enhancements (AL)
\c@float@type=\count116
\float@exts=\toks22
\float@box=\box28
\@float@everytoks=\toks23
\@floatcapt=\box29
)
("C:\Program Files\MiKTeX 2.9\tex\latex\base\ifthen.sty"
Package: ifthen 2014/09/29 v1.1c Standard LaTeX ifthen package (DPC)
)
\@float@every@algorithm=\toks24
\c@algorithm=\count117
)
("C:\Program Files\MiKTeX 2.9\tex\latex\algorithms\algorithmic.sty"
Package: algorithmic 2009/08/24 v0.1 Document Style `algorithmic'
\c@ALC@unique=\count118
\c@ALC@line=\count119
\c@ALC@rem=\count120
\c@ALC@depth=\count121
\ALC@tlm=\skip87
\algorithmicindent=\skip88
)
("C:\Program Files\MiKTeX 2.9\tex\latex\graphics\color.sty"
Package: color 2016/07/10 v1.1e Standard LaTeX Color (DPC)

("C:\Program Files\MiKTeX 2.9\tex\latex\00miktex\color.cfg"
File: color.cfg 2016/01/02 v1.6 sample color configuration
)
Package color Info: Driver file: pdftex.def on input line 147.
)
("C:\Program Files\MiKTeX 2.9\tex\latex\soul\soul.sty"
Package: soul 2003/11/17 v2.4 letterspacing/underlining (mf)
\SOUL@word=\toks25
\SOUL@lasttoken=\toks26
\SOUL@cmds=\toks27
\SOUL@buffer=\toks28
\SOUL@token=\toks29
\SOUL@spaceskip=\skip89
\SOUL@ttwidth=\dimen125
\SOUL@uldp=\dimen126
\SOUL@ulht=\dimen127
)
("C:\Program Files\MiKTeX 2.9\tex\latex\oberdiek\epstopdf.sty"
Package: epstopdf 2016/05/15 v2.6 Conversion with epstopdf on the fly (HO)

("C:\Program Files\MiKTeX 2.9\tex\latex\oberdiek\epstopdf-base.sty"
Package: epstopdf-base 2016/05/15 v2.6 Base part for package epstopdf

("C:\Program Files\MiKTeX 2.9\tex\latex\oberdiek\grfext.sty"
Package: grfext 2016/05/16 v1.2 Manage graphics extensions (HO)

("C:\Program Files\MiKTeX 2.9\tex\generic\oberdiek\kvdefinekeys.sty"
Package: kvdefinekeys 2016/05/16 v1.4 Define keys (HO)
))
("C:\Program Files\MiKTeX 2.9\tex\latex\oberdiek\kvoptions.sty"
Package: kvoptions 2016/05/16 v3.12 Key value format for package options (HO)

("C:\Program Files\MiKTeX 2.9\tex\generic\oberdiek\kvsetkeys.sty"
Package: kvsetkeys 2016/05/16 v1.17 Key value parser (HO)

("C:\Program Files\MiKTeX 2.9\tex\generic\oberdiek\etexcmds.sty"
Package: etexcmds 2016/05/16 v1.6 Avoid name clashes with e-TeX commands (HO)

("C:\Program Files\MiKTeX 2.9\tex\generic\oberdiek\ifluatex.sty"
Package: ifluatex 2016/05/16 v1.4 Provides the ifluatex switch (HO)
Package ifluatex Info: LuaTeX not detected.
)
Package etexcmds Info: Could not find \expanded.
(etexcmds)             That can mean that you are not using pdfTeX 1.50 or
(etexcmds)             that some package has redefined \expanded.
(etexcmds)             In the latter case, load this package earlier.
)))
("C:\Program Files\MiKTeX 2.9\tex\generic\oberdiek\pdftexcmds.sty"
Package: pdftexcmds 2016/05/21 v0.22 Utility functions of pdfTeX for LuaTeX (HO
)

("C:\Program Files\MiKTeX 2.9\tex\generic\oberdiek\ifpdf.sty"
Package: ifpdf 2016/05/14 v3.1 Provides the ifpdf switch
)
Package pdftexcmds Info: LuaTeX not detected.
Package pdftexcmds Info: \pdf@primitive is available.
Package pdftexcmds Info: \pdf@ifprimitive is available.
Package pdftexcmds Info: \pdfdraftmode found.
)
Package epstopdf-base Info: Redefining graphics rule for `.eps' on input line 4
38.
Package grfext Info: Graphics extension search list:
(grfext)             [.png,.pdf,.jpg,.mps,.jpeg,.jbig2,.jb2,.PNG,.PDF,.JPG,.JPE
G,.JBIG2,.JB2,.eps]
(grfext)             \AppendGraphicsExtensions on input line 456.
))
("C:\Program Files\MiKTeX 2.9\tex\latex\stmaryrd\stmaryrd.sty"
Package: stmaryrd 1994/03/03 St Mary's Road symbol package
\symstmry=\mathgroup10
LaTeX Font Info:    Overwriting symbol font `stmry' in version `bold'
(Font)                  U/stmry/m/n --> U/stmry/b/n on input line 89.
)
\c@defi=\count122

Defining \sgetchapterval ...
Defining \schapterref ...
Defining \srefchapterref ...
Defining \chapterref ...
\c@theorem=\count123
\c@myappendices=\count124
\cftbeforemyappendicesskip=\skip90
\cftmyappendicesindent=\skip91
\cftmyappendicesnumwidth=\skip92
\c@appdepth=\count125
\cftbeforeapptitleskip=\skip93
\cftafterapptitleskip=\skip94
(Shuang.Thesis.aux (introduction/total.aux) (relatedwork/total.aux

LaTeX Warning: Label `eq:gama:multib' multiply defined.


LaTeX Warning: Label `eq:gama:multib' multiply defined.

) (cnn/total.aux) (pakdd/total.aux

LaTeX Warning: Label `alg:1' multiply defined.


LaTeX Warning: Label `alg:1' multiply defined.


LaTeX Warning: Label `alg:1' multiply defined.

) (aaai/total.aux) (conclusion.aux) (appendix/appendixa.aux))
\openout1 = `Shuang.Thesis.aux'.

LaTeX Font Info:    Checking defaults for OML/txmi/m/it on input line 349.
LaTeX Font Info:    Try loading font information for OML+txmi on input line 349
.

("C:\Program Files\MiKTeX 2.9\tex\latex\txfonts\omltxmi.fd"
File: omltxmi.fd 2000/12/15 v3.1
)
LaTeX Font Info:    ... okay on input line 349.
LaTeX Font Info:    Checking defaults for T1/cmr/m/n on input line 349.
LaTeX Font Info:    ... okay on input line 349.
LaTeX Font Info:    Checking defaults for OT1/cmr/m/n on input line 349.
LaTeX Font Info:    ... okay on input line 349.
LaTeX Font Info:    Checking defaults for OMS/txsy/m/n on input line 349.
LaTeX Font Info:    Try loading font information for OMS+txsy on input line 349
.

("C:\Program Files\MiKTeX 2.9\tex\latex\txfonts\omstxsy.fd"
File: omstxsy.fd 2000/12/15 v3.1
)
LaTeX Font Info:    ... okay on input line 349.
LaTeX Font Info:    Checking defaults for OMX/txex/m/n on input line 349.
LaTeX Font Info:    Try loading font information for OMX+txex on input line 349
.

("C:\Program Files\MiKTeX 2.9\tex\latex\txfonts\omxtxex.fd"
File: omxtxex.fd 2000/12/15 v3.1
)
LaTeX Font Info:    ... okay on input line 349.
LaTeX Font Info:    Checking defaults for U/txexa/m/n on input line 349.
LaTeX Font Info:    Try loading font information for U+txexa on input line 349.


("C:\Program Files\MiKTeX 2.9\tex\latex\txfonts\utxexa.fd"
File: utxexa.fd 2000/12/15 v3.1
)
LaTeX Font Info:    ... okay on input line 349.
LaTeX Font Info:    Try loading font information for OT1+txr on input line 349.


("C:\Program Files\MiKTeX 2.9\tex\latex\txfonts\ot1txr.fd"
File: ot1txr.fd 2000/12/15 v3.1
)
("C:\Program Files\MiKTeX 2.9\tex\context\base\supp-pdf.mkii"
[Loading MPS to PDF converter (version 2006.09.02).]
\scratchcounter=\count126
\scratchdimen=\dimen128
\scratchbox=\box30
\nofMPsegments=\count127
\nofMParguments=\count128
\everyMPshowfont=\toks30
\MPscratchCnt=\count129
\MPscratchDim=\dimen129
\MPnumerator=\count130
\makeMPintoPDFobject=\count131
\everyMPtoPDFconversion=\toks31
)
Package caption Info: Begin \AtBeginDocument code.
Package caption Info: subfig package v1.3 is loaded.
Package caption Info: float package is loaded.
Package caption Info: End \AtBeginDocument code.
LaTeX Font Info:    Try loading font information for U+txmia on input line 362.

 ("C:\Program Files\MiKTeX 2.9\tex\latex\txfonts\utxmia.fd"
File: utxmia.fd 2000/12/15 v3.1
)
LaTeX Font Info:    Try loading font information for U+txsya on input line 362.


("C:\Program Files\MiKTeX 2.9\tex\latex\txfonts\utxsya.fd"
File: utxsya.fd 2000/12/15 v3.1
)
LaTeX Font Info:    Try loading font information for U+txsyb on input line 362.


("C:\Program Files\MiKTeX 2.9\tex\latex\txfonts\utxsyb.fd"
File: utxsyb.fd 2000/12/15 v3.1
)
LaTeX Font Info:    Try loading font information for U+txsyc on input line 362.


("C:\Program Files\MiKTeX 2.9\tex\latex\txfonts\utxsyc.fd"
File: utxsyc.fd 2000/12/15 v3.1
)
LaTeX Font Info:    Try loading font information for U+stmry on input line 362.


("C:\Program Files\MiKTeX 2.9\tex\latex\stmaryrd\ustmry.fd")
LaTeX Font Info:    Try loading font information for OMS+txr on input line 362.


("C:\Program Files\MiKTeX 2.9\tex\latex\txfonts\omstxr.fd"
File: omstxr.fd 2000/12/15 v3.1
)
LaTeX Font Info:    Font shape `OMS/txr/m/n' in size <14.4> not available
(Font)              Font shape `OMS/txsy/m/n' tried instead on input line 362.
 [1

{C:/ProgramData/MiKTeX/2.9/pdftex/config/pdftex.map}]
Overfull \hbox (40.69499pt too wide) in paragraph at lines 364--364
[][]   [] 
 []


Overfull \hbox (40.69499pt too wide) in paragraph at lines 364--364
[][]   [] 
 []

[2]
Underfull \hbox (badness 10000) in paragraph at lines 370--370

 []

[3] [4] [5] (Shuang.Thesis.toc [6] [7] [8])
\tf@toc=\write3
\openout3 = `Shuang.Thesis.toc'.

 [9] (Shuang.Thesis.lof
Underfull \vbox (badness 8151) has occurred while \output is active []

 [10]
Underfull \vbox (badness 4048) has occurred while \output is active []

 [11])
\tf@lof=\write4
\openout4 = `Shuang.Thesis.lof'.


[12] (Shuang.Thesis.lot
Overfull \hbox (2.30612pt too wide) in paragraph at lines 11--11
 [][] []\OT1/txr/m/n/12 Cosine sim-i-lar-ity of the lay-ers be-tween fine-tuned
 mod-els and pre-trained model 
 []

)
\tf@lot=\write5
\openout5 = `Shuang.Thesis.lot'.

 [13] (Shuang.Thesis.app)
\tf@app=\write6
\openout6 = `Shuang.Thesis.app'.

 [14]
\openout2 = `introduction/total.aux'.

 (introduction/total.tex
Chapter 1.
[1


] (introduction/overview.tex
<introduction/fig/IRflow.png, id=56, 499.11469pt x 286.82156pt>
File: introduction/fig/IRflow.png Graphic file (type png)

<use introduction/fig/IRflow.png>
Package pdftex.def Info: introduction/fig/IRflow.png used on input line 6.
(pdftex.def)             Requested size: 399.29228pt x 229.45755pt.
 [2]
<introduction/fig/sift.jpg, id=61, 595.22375pt x 300.12125pt>
File: introduction/fig/sift.jpg Graphic file (type jpg)

<use introduction/fig/sift.jpg>
Package pdftex.def Info: introduction/fig/sift.jpg used on input line 24.
(pdftex.def)             Requested size: 357.13701pt x 180.07413pt.

Underfull \vbox (badness 10000) has occurred while \output is active []

 [3 <./introduction/fig/IRflow.png>]
<introduction/fig/sparsecoding.png, id=65, 689.57625pt x 767.86874pt>
File: introduction/fig/sparsecoding.png Graphic file (type png)

<use introduction/fig/sparsecoding.png>
Package pdftex.def Info: introduction/fig/sparsecoding.png used on input line 3
5.
(pdftex.def)             Requested size: 206.87447pt x 230.3624pt.
 [4 <./introduction/fig/sift.jpg>]
<introduction/fig/alexnet.png, id=69, 1606.0pt x 539.01375pt>
File: introduction/fig/alexnet.png Graphic file (type png)

<use introduction/fig/alexnet.png>
Package pdftex.def Info: introduction/fig/alexnet.png used on input line 45.
(pdftex.def)             Requested size: 481.80373pt x 161.70537pt.

Overfull \hbox (30.11623pt too wide) in paragraph at lines 45--46
 [][] 
 []


Underfull \vbox (badness 10000) has occurred while \output is active []

 [5 <./introduction/fig/sparsecoding.png (PNG copy)>]) (introduction/senario.te
x [6 <./introduction/fig/alexnet.png>]
<introduction/fig/multiple.jpg, id=77, 757.32938pt x 367.3725pt>
File: introduction/fig/multiple.jpg Graphic file (type jpg)

<use introduction/fig/multiple.jpg>
Package pdftex.def Info: introduction/fig/multiple.jpg used on input line 7.
(pdftex.def)             Requested size: 454.40114pt x 220.42519pt.

Overfull \hbox (2.71364pt too wide) in paragraph at lines 7--8
 [][] 
 []


Underfull \vbox (badness 4013) has occurred while \output is active []

 [7 <./introduction/fig/multiple.jpg>]
LaTeX Font Info:    Font shape `OMS/txr/m/n' in size <12> not available
(Font)              Font shape `OMS/txsy/m/n' tried instead on input line 17.

<introduction/fig/transformation.png, id=81, 1452.17531pt x 325.215pt>
File: introduction/fig/transformation.png Graphic file (type png)

<use introduction/fig/transformation.png>
Package pdftex.def Info: introduction/fig/transformation.png used on input line
 24.
(pdftex.def)             Requested size: 435.65596pt x 97.56525pt.
 [8 <./introduction/fig/transformation.png>]) (introduction/limits.tex [9]
<introduction/fig/da.png, id=90, 468.7914pt x 350.7504pt>
File: introduction/fig/da.png Graphic file (type png)

<use introduction/fig/da.png>
Package pdftex.def Info: introduction/fig/da.png used on input line 15.
(pdftex.def)             Requested size: 187.51323pt x 140.29767pt.

<introduction/fig/ind.png, id=91, 542.9886pt x 429.7656pt>
File: introduction/fig/ind.png Graphic file (type png)

<use introduction/fig/ind.png>
Package pdftex.def Info: introduction/fig/ind.png used on input line 17.
(pdftex.def)             Requested size: 179.18678pt x 141.82307pt.
 [10 <./introduction/fig/da.png> <./introduction/fig/ind.png>])
Overfull \hbox (0.53246pt too wide) in paragraph at lines 39--28
\OT1/txr/m/n/12 a novel frame-work \OT1/txr/bx/n/12 Gen-er-al-ized Dis-til-la-t
ion Semi-supervised Do-main Adap-ta-tion \OT1/txr/m/n/12 (GDSDA)
 []

) [11] [12]
\openout2 = `relatedwork/total.aux'.

 (relatedwork/total.tex
Chapter 2.
(relatedwork/linear.tex [13



]
<relatedwork/fig/ovsa.png, id=108, 423.0204pt x 344.0052pt>
File: relatedwork/fig/ovsa.png Graphic file (type png)

<use relatedwork/fig/ovsa.png>
Package pdftex.def Info: relatedwork/fig/ovsa.png used on input line 14.
(pdftex.def)             Requested size: 338.41678pt x 275.20453pt.
 [14 <./relatedwork/fig/ovsa.png>]
Overfull \hbox (19.40572pt too wide) in paragraph at lines 45--47
\OT1/txr/m/n/12 Here $\OML/txmi/m/it/12 w[]; w[]; :::; w[]$ \OT1/txr/m/n/12 are
 the pa-ram-e-ters of the Soft-max clas-si-fier model. The term $[]$
 []

[15] [16] <relatedwork/fig/svm2.png, id=120, 513.92pt x 444.66125pt>
File: relatedwork/fig/svm2.png Graphic file (type png)

<use relatedwork/fig/svm2.png>
Package pdftex.def Info: relatedwork/fig/svm2.png used on input line 86.
(pdftex.def)             Requested size: 203.258pt x 175.86656pt.

<relatedwork/fig/svm1.png, id=121, 72.27pt x 71.3064pt>
File: relatedwork/fig/svm1.png Graphic file (type png)

<use relatedwork/fig/svm1.png>
Package pdftex.def Info: relatedwork/fig/svm1.png used on input line 87.
(pdftex.def)             Requested size: 180.67224pt x 178.2731pt.

<relatedwork/fig/slack.png, id=122, 186.09525pt x 169.23225pt>
File: relatedwork/fig/slack.png Graphic file (type png)

<use relatedwork/fig/slack.png>
Package pdftex.def Info: relatedwork/fig/slack.png used on input line 105.
(pdftex.def)             Requested size: 223.31316pt x 203.07768pt.
 [17 <./relatedwork/fig/svm2.png> <./relatedwork/fig/svm1.png>] <relatedwork/fi
g/non-linear2.png, id=129, 449.68pt x 337.26pt>
File: relatedwork/fig/non-linear2.png Graphic file (type png)

<use relatedwork/fig/non-linear2.png>
Package pdftex.def Info: relatedwork/fig/non-linear2.png used on input line 122
.
(pdftex.def)             Requested size: 361.35136pt x 271.02286pt.
 [18 <./relatedwork/fig/slack.png>]
[19 <./relatedwork/fig/non-linear2.png>]) (relatedwork/cnn.tex [20] [21])
(relatedwork/transfer.tex
<relatedwork/fig/transfer.png, id=144, 488.57532pt x 235.63031pt>
File: relatedwork/fig/transfer.png Graphic file (type png)

<use relatedwork/fig/transfer.png>
Package pdftex.def Info: relatedwork/fig/transfer.png used on input line 3.
(pdftex.def)             Requested size: 342.0004pt x 164.94008pt.
 [22 <./relatedwork/fig/transfer.png>]
Overfull \hbox (25.52452pt too wide) in paragraph at lines 31--41
 [][][][][] 
 []


Overfull \hbox (0.98752pt too wide) in paragraph at lines 46--57
 [][][][][] 
 []

[23] <relatedwork/fig/parameters.png, id=152, 399.894pt x 207.174pt>
File: relatedwork/fig/parameters.png Graphic file (type png)

<use relatedwork/fig/parameters.png>
Package pdftex.def Info: relatedwork/fig/parameters.png used on input line 69.
(pdftex.def)             Requested size: 399.893pt x 207.17348pt.
 [24] [25 <./relatedwork/fig/parameters.png>] <relatedwork/fig/negative.png, id
=160, 353.06906pt x 268.75406pt>
File: relatedwork/fig/negative.png Graphic file (type png)

<use relatedwork/fig/negative.png>
Package pdftex.def Info: relatedwork/fig/negative.png used on input line 86.
(pdftex.def)             Requested size: 247.14665pt x 188.12656pt.
 [26 <./relatedwork/fig/negative.png>]
[27] (relatedwork/ft-net.tex [28]
<relatedwork/fig/hierachy.png, id=170, 389.20406pt x 579.66562pt>
File: relatedwork/fig/hierachy.png Graphic file (type png)

<use relatedwork/fig/hierachy.png>
Package pdftex.def Info: relatedwork/fig/hierachy.png used on input line 5.
(pdftex.def)             Requested size: 272.44098pt x 405.76317pt.
 [29 <./relatedwork/fig/hierachy.png>])
(relatedwork/hypothesis.tex [30]
<transfer/fig/pmt-svm.png, id=178, 356.83313pt x 245.41687pt>
File: transfer/fig/pmt-svm.png Graphic file (type png)

<use transfer/fig/pmt-svm.png>
Package pdftex.def Info: transfer/fig/pmt-svm.png used on input line 76.
(pdftex.def)             Requested size: 214.10152pt x 147.25125pt.
 [31] [32 <./transfer/fig/pmt-svm.png>] [33])
(relatedwork/GD.tex [34]))) [35]
\openout2 = `cnn/total.aux'.

 (cnn/total.tex
Chapter 3.
(cnn/bg.tex) (cnn/ft.tex [36



]) (cnn/layers.tex
<cnn/fig/conv.png, id=199, 729.47531pt x 390.70969pt>
File: cnn/fig/conv.png Graphic file (type png)
 <use cnn/fig/conv.png>
Package pdftex.def Info: cnn/fig/conv.png used on input line 12.
(pdftex.def)             Requested size: 437.68855pt x 234.42761pt.

[37] <cnn/fig/pool.png, id=203, 535.2497pt x 274.02374pt>
File: cnn/fig/pool.png Graphic file (type png)

<use cnn/fig/pool.png>
Package pdftex.def Info: cnn/fig/pool.png used on input line 25.
(pdftex.def)             Requested size: 428.20033pt x 219.21928pt.
 [38 <./cnn/fig/conv.png>] [39 <./cnn/fig/pool.png>]
<cnn/fig/net.png, id=210, 241.65282pt x 257.46187pt>
File: cnn/fig/net.png Graphic file (type png)
 <use cnn/fig/net.png>
Package pdftex.def Info: cnn/fig/net.png used on input line 47.
(pdftex.def)             Requested size: 135.50761pt x 144.378pt.

<cnn/fig/dropnet.png, id=211, 250.68657pt x 259.7203pt>
File: cnn/fig/dropnet.png Graphic file (type png)

<use cnn/fig/dropnet.png>
Package pdftex.def Info: cnn/fig/dropnet.png used on input line 48.
(pdftex.def)             Requested size: 135.50761pt x 140.39746pt.
) (cnn/expsetup.tex [40 <./cnn/fig/net.png> <./cnn/fig/dropnet.png>] <cnn/fig/i
nception.pdf, id=215, 572.1375pt x 279.0425pt>
File: cnn/fig/inception.pdf Graphic file (type pdf)

<use cnn/fig/inception.pdf>
Package pdftex.def Info: cnn/fig/inception.pdf used on input line 17.
(pdftex.def)             Requested size: 400.49352pt x 195.3284pt.
 [41 <./cnn/fig/inception.pdf>] [42]
<cnn/fig/crop00.png, id=231, 256.96pt x 256.96pt>
File: cnn/fig/crop00.png Graphic file (type png)
 <use cnn/fig/crop00.png>
Package pdftex.def Info: cnn/fig/crop00.png used on input line 42.
(pdftex.def)             Requested size: 97.56052pt x 97.55954pt.

<cnn/fig/crop4.png, id=232, 227.85126pt x 227.85126pt>
File: cnn/fig/crop4.png Graphic file (type png)
 <use cnn/fig/crop4.png>
Package pdftex.def Info: cnn/fig/crop4.png used on input line 43.
(pdftex.def)             Requested size: 97.56052pt x 97.5604pt.

<cnn/fig/crop9.png, id=233, 227.85126pt x 227.85126pt>
File: cnn/fig/crop9.png Graphic file (type png)
 <use cnn/fig/crop9.png>
Package pdftex.def Info: cnn/fig/crop9.png used on input line 44.
(pdftex.def)             Requested size: 97.56052pt x 97.5604pt.

<cnn/fig/crop0.png, id=234, 227.85126pt x 227.85126pt>
File: cnn/fig/crop0.png Graphic file (type png)
 <use cnn/fig/crop0.png>
Package pdftex.def Info: cnn/fig/crop0.png used on input line 47.
(pdftex.def)             Requested size: 97.56052pt x 97.5604pt.

<cnn/fig/crop5.png, id=235, 227.85126pt x 227.85126pt>
File: cnn/fig/crop5.png Graphic file (type png)
 <use cnn/fig/crop5.png>
Package pdftex.def Info: cnn/fig/crop5.png used on input line 48.
(pdftex.def)             Requested size: 97.56052pt x 97.5604pt.

<cnn/fig/crop1.png, id=236, 227.85126pt x 227.85126pt>
File: cnn/fig/crop1.png Graphic file (type png)
 <use cnn/fig/crop1.png>
Package pdftex.def Info: cnn/fig/crop1.png used on input line 48.
(pdftex.def)             Requested size: 97.56052pt x 97.5604pt.

<cnn/fig/crop6.png, id=237, 227.85126pt x 227.85126pt>
File: cnn/fig/crop6.png Graphic file (type png)
 <use cnn/fig/crop6.png>
Package pdftex.def Info: cnn/fig/crop6.png used on input line 49.
(pdftex.def)             Requested size: 97.56052pt x 97.5604pt.

<cnn/fig/crop2.png, id=238, 227.85126pt x 227.85126pt>
File: cnn/fig/crop2.png Graphic file (type png)
 <use cnn/fig/crop2.png>
Package pdftex.def Info: cnn/fig/crop2.png used on input line 51.
(pdftex.def)             Requested size: 97.56052pt x 97.5604pt.

<cnn/fig/crop7.png, id=239, 227.85126pt x 227.85126pt>
File: cnn/fig/crop7.png Graphic file (type png)
 <use cnn/fig/crop7.png>
Package pdftex.def Info: cnn/fig/crop7.png used on input line 52.
(pdftex.def)             Requested size: 97.56052pt x 97.5604pt.

<cnn/fig/crop3.png, id=240, 227.85126pt x 227.85126pt>
File: cnn/fig/crop3.png Graphic file (type png)
 <use cnn/fig/crop3.png>
Package pdftex.def Info: cnn/fig/crop3.png used on input line 52.
(pdftex.def)             Requested size: 97.56052pt x 97.5604pt.

<cnn/fig/crop8.png, id=241, 227.85126pt x 227.85126pt>
File: cnn/fig/crop8.png Graphic file (type png)
 <use cnn/fig/crop8.png>
Package pdftex.def Info: cnn/fig/crop8.png used on input line 53.
(pdftex.def)             Requested size: 97.56052pt x 97.5604pt.

Underfull \vbox (badness 2221) has occurred while \output is active []

 [43 <./cnn/fig/crop00.png (PNG copy)> <./cnn/fig/crop4.png (PNG copy)> <./cnn/
fig/crop9.png (PNG copy)> <./cnn/fig/crop0.png (PNG copy)> <./cnn/fig/crop5.png
 (PNG copy)> <./cnn/fig/crop1.png (PNG copy)> <./cnn/fig/crop6.png (PNG copy)> 
<./cnn/fig/crop2.png (PNG copy)> <./cnn/fig/crop7.png (PNG copy)> <./cnn/fig/cr
op3.png (PNG copy)> <./cnn/fig/crop8.png (PNG copy)>]
<cnn/fig/org.png, id=245, 578.16pt x 431.4519pt>
File: cnn/fig/org.png Graphic file (type png)
 <use cnn/fig/org.png>
Package pdftex.def Info: cnn/fig/org.png used on input line 70.
(pdftex.def)             Requested size: 135.50761pt x 101.12129pt.

<cnn/fig/red.png, id=246, 578.16pt x 431.4519pt>
File: cnn/fig/red.png Graphic file (type png)
 <use cnn/fig/red.png>
Package pdftex.def Info: cnn/fig/red.png used on input line 71.
(pdftex.def)             Requested size: 135.50761pt x 101.12129pt.

<cnn/fig/green.png, id=247, 578.16pt x 431.4519pt>
File: cnn/fig/green.png Graphic file (type png)
 <use cnn/fig/green.png>
Package pdftex.def Info: cnn/fig/green.png used on input line 72.
(pdftex.def)             Requested size: 135.50761pt x 101.12129pt.

<cnn/fig/blue.png, id=248, 578.16pt x 431.4519pt>
File: cnn/fig/blue.png Graphic file (type png)
 <use cnn/fig/blue.png>
Package pdftex.def Info: cnn/fig/blue.png used on input line 73.
(pdftex.def)             Requested size: 135.50761pt x 101.12129pt.

<cnn/fig/rgb.png, id=249, 578.16pt x 431.4519pt>
File: cnn/fig/rgb.png Graphic file (type png)
 <use cnn/fig/rgb.png>
Package pdftex.def Info: cnn/fig/rgb.png used on input line 74.
(pdftex.def)             Requested size: 135.50761pt x 101.12129pt.

<cnn/fig/v1.png, id=250, 578.16pt x 431.4519pt>
File: cnn/fig/v1.png Graphic file (type png)
 <use cnn/fig/v1.png>
Package pdftex.def Info: cnn/fig/v1.png used on input line 75.
(pdftex.def)             Requested size: 135.50761pt x 101.12129pt.

<cnn/fig/v2.png, id=251, 578.16pt x 431.4519pt>
File: cnn/fig/v2.png Graphic file (type png)
 <use cnn/fig/v2.png>
Package pdftex.def Info: cnn/fig/v2.png used on input line 76.
(pdftex.def)             Requested size: 135.50761pt x 101.12129pt.

<cnn/fig/s1.png, id=252, 578.16pt x 431.4519pt>
File: cnn/fig/s1.png Graphic file (type png)
 <use cnn/fig/s1.png>
Package pdftex.def Info: cnn/fig/s1.png used on input line 77.
(pdftex.def)             Requested size: 135.50761pt x 101.12129pt.

<cnn/fig/s2.png, id=253, 578.16pt x 431.4519pt>
File: cnn/fig/s2.png Graphic file (type png)
 <use cnn/fig/s2.png>
Package pdftex.def Info: cnn/fig/s2.png used on input line 78.
(pdftex.def)             Requested size: 135.50761pt x 101.12129pt.

<cnn/fig/s4.png, id=254, 578.16pt x 431.4519pt>
File: cnn/fig/s4.png Graphic file (type png)
 <use cnn/fig/s4.png>
Package pdftex.def Info: cnn/fig/s4.png used on input line 79.
(pdftex.def)             Requested size: 135.50761pt x 101.12129pt.

<cnn/fig/s3.png, id=255, 578.16pt x 431.4519pt>
File: cnn/fig/s3.png Graphic file (type png)
 <use cnn/fig/s3.png>
Package pdftex.def Info: cnn/fig/s3.png used on input line 80.
(pdftex.def)             Requested size: 135.50761pt x 101.12129pt.

<cnn/fig/rota.png, id=256, 578.16pt x 431.4519pt>
File: cnn/fig/rota.png Graphic file (type png)
 <use cnn/fig/rota.png>
Package pdftex.def Info: cnn/fig/rota.png used on input line 81.
(pdftex.def)             Requested size: 135.50761pt x 101.12129pt.
)
(cnn/discuss.tex <cnn/fig/sashimi.png, id=257, 727.96968pt x 319.1925pt>
File: cnn/fig/sashimi.png Graphic file (type png)

<use cnn/fig/sashimi.png>
Package pdftex.def Info: cnn/fig/sashimi.png used on input line 50.
(pdftex.def)             Requested size: 363.98395pt x 159.59586pt.
 [44] [45 <./cnn/fig/org.png> <./cnn/fig/red.png> <./cnn/fig/green.png> <./cnn/
fig/blue.png> <./cnn/fig/rgb.png> <./cnn/fig/v1.png> <./cnn/fig/v2.png> <./cnn/
fig/s1.png> <./cnn/fig/s2.png> <./cnn/fig/s4.png> <./cnn/fig/s3.png> <./cnn/fig
/rota.png>] [46 <./cnn/fig/sashimi.png>] [47]
Underfull \vbox (badness 10000) has occurred while \output is active []

 [48]
[49] [50])) [51]
\openout2 = `pakdd/total.aux'.

 (pakdd/total.tex
Chapter 4.
[52



] (pakdd/statement2.tex
<pakdd/fig/mktl.png, id=298, 476.0184pt x 110.3322pt>
File: pakdd/fig/mktl.png Graphic file (type png)
 <use pakdd/fig/mktl.png>
Package pdftex.def Info: pakdd/fig/mktl.png used on input line 5.
(pdftex.def)             Requested size: 285.61324pt x 66.19981pt.

[53 <./pakdd/fig/mktl.png>]
<pakdd/fig/explain.png, id=304, 458.6736pt x 525.6438pt>
File: pakdd/fig/explain.png Graphic file (type png)

<use pakdd/fig/explain.png>
Package pdftex.def Info: pakdd/fig/explain.png used on input line 31.
(pdftex.def)             Requested size: 321.06932pt x 367.94815pt.
) (pakdd/BO.tex
<pakdd/fig/bo.png, id=305, 345.4506pt x 317.988pt>
File: pakdd/fig/bo.png Graphic file (type png)
 <use pakdd/fig/bo.png>
Package pdftex.def Info: pakdd/fig/bo.png used on input line 6.
(pdftex.def)             Requested size: 241.81377pt x 222.59007pt.


LaTeX Warning: `h' float specifier changed to `ht'.

[54] [55 <./pakdd/fig/explain.png>] [56 <./pakdd/fig/bo.png>]

LaTeX Font Warning: Font shape `U/stmry/b/n' undefined
(Font)              using `U/stmry/m/n' instead on input line 46.

[57] (pakdd/agl1.tex)) (pakdd/gama_exp.tex [58] (pakdd/figs.tex
<pakdd/fig/amazontodslr.png, id=324, 578.16pt x 433.62pt>
File: pakdd/fig/amazontodslr.png Graphic file (type png)

<use pakdd/fig/amazontodslr.png>
Package pdftex.def Info: pakdd/fig/amazontodslr.png used on input line 5.
(pdftex.def)             Requested size: 203.258pt x 152.43753pt.

<pakdd/fig/caltechtodslr.png, id=325, 578.16pt x 433.62pt>
File: pakdd/fig/caltechtodslr.png Graphic file (type png)

<use pakdd/fig/caltechtodslr.png>
Package pdftex.def Info: pakdd/fig/caltechtodslr.png used on input line 8.
(pdftex.def)             Requested size: 203.258pt x 152.43753pt.

<pakdd/fig/webcamtodslr.png, id=326, 578.16pt x 433.62pt>
File: pakdd/fig/webcamtodslr.png Graphic file (type png)

<use pakdd/fig/webcamtodslr.png>
Package pdftex.def Info: pakdd/fig/webcamtodslr.png used on input line 11.
(pdftex.def)             Requested size: 203.258pt x 152.43753pt.

<pakdd/fig/amazontowebcam.png, id=327, 578.16pt x 433.62pt>
File: pakdd/fig/amazontowebcam.png Graphic file (type png)

<use pakdd/fig/amazontowebcam.png>
Package pdftex.def Info: pakdd/fig/amazontowebcam.png used on input line 14.
(pdftex.def)             Requested size: 203.258pt x 152.43753pt.

<pakdd/fig/caltechtowebcam.png, id=328, 578.16pt x 433.62pt>
File: pakdd/fig/caltechtowebcam.png Graphic file (type png)

<use pakdd/fig/caltechtowebcam.png>
Package pdftex.def Info: pakdd/fig/caltechtowebcam.png used on input line 17.
(pdftex.def)             Requested size: 203.258pt x 152.43753pt.

<pakdd/fig/dslrtowebcam.png, id=329, 578.16pt x 433.62pt>
File: pakdd/fig/dslrtowebcam.png Graphic file (type png)

<use pakdd/fig/dslrtowebcam.png>
Package pdftex.def Info: pakdd/fig/dslrtowebcam.png used on input line 20.
(pdftex.def)             Requested size: 203.258pt x 152.43753pt.

<pakdd/fig/caltechtoamazon.png, id=330, 578.16pt x 433.62pt>
File: pakdd/fig/caltechtoamazon.png Graphic file (type png)

<use pakdd/fig/caltechtoamazon.png>
Package pdftex.def Info: pakdd/fig/caltechtoamazon.png used on input line 30.
(pdftex.def)             Requested size: 203.258pt x 152.43753pt.

<pakdd/fig/dslrtoamazon.png, id=331, 578.16pt x 433.62pt>
File: pakdd/fig/dslrtoamazon.png Graphic file (type png)

<use pakdd/fig/dslrtoamazon.png>
Package pdftex.def Info: pakdd/fig/dslrtoamazon.png used on input line 33.
(pdftex.def)             Requested size: 203.258pt x 152.43753pt.

<pakdd/fig/webcamtoamazon.png, id=332, 578.16pt x 433.62pt>
File: pakdd/fig/webcamtoamazon.png Graphic file (type png)

<use pakdd/fig/webcamtoamazon.png>
Package pdftex.def Info: pakdd/fig/webcamtoamazon.png used on input line 36.
(pdftex.def)             Requested size: 203.258pt x 152.43753pt.

<pakdd/fig/amazontocaltech.png, id=333, 578.16pt x 433.62pt>
File: pakdd/fig/amazontocaltech.png Graphic file (type png)

<use pakdd/fig/amazontocaltech.png>
Package pdftex.def Info: pakdd/fig/amazontocaltech.png used on input line 39.
(pdftex.def)             Requested size: 203.258pt x 152.43753pt.

<pakdd/fig/dslrtocaltech.png, id=334, 578.16pt x 433.62pt>
File: pakdd/fig/dslrtocaltech.png Graphic file (type png)

<use pakdd/fig/dslrtocaltech.png>
Package pdftex.def Info: pakdd/fig/dslrtocaltech.png used on input line 42.
(pdftex.def)             Requested size: 203.258pt x 152.43753pt.

<pakdd/fig/webcamtocaltech.png, id=335, 578.16pt x 433.62pt>
File: pakdd/fig/webcamtocaltech.png Graphic file (type png)

<use pakdd/fig/webcamtocaltech.png>
Package pdftex.def Info: pakdd/fig/webcamtocaltech.png used on input line 45.
(pdftex.def)             Requested size: 203.258pt x 152.43753pt.
) [59]
<pakdd/fig/multi_amazon.png, id=340, 578.16pt x 433.62pt>
File: pakdd/fig/multi_amazon.png Graphic file (type png)

<use pakdd/fig/multi_amazon.png>
Package pdftex.def Info: pakdd/fig/multi_amazon.png used on input line 55.
(pdftex.def)             Requested size: 225.84375pt x 169.38239pt.

<pakdd/fig/multi_caltech.png, id=341, 578.16pt x 433.62pt>
File: pakdd/fig/multi_caltech.png Graphic file (type png)

<use pakdd/fig/multi_caltech.png>
Package pdftex.def Info: pakdd/fig/multi_caltech.png used on input line 58.
(pdftex.def)             Requested size: 225.84375pt x 169.38239pt.

Overfull \hbox (12.0pt too wide) in paragraph at lines 55--58
 [][][] 
 []


LaTeX Warning: `h' float specifier changed to `ht'.

[60]) (pakdd/gama_con.tex)) [61] [62 <./pakdd/fig/amazontodslr.png> <./pakdd/fi
g/caltechtodslr.png> <./pakdd/fig/webcamtodslr.png> <./pakdd/fig/amazontowebcam
.png> <./pakdd/fig/caltechtowebcam.png> <./pakdd/fig/dslrtowebcam.png>]
[63 <./pakdd/fig/caltechtoamazon.png> <./pakdd/fig/dslrtoamazon.png> <./pakdd/f
ig/webcamtoamazon.png> <./pakdd/fig/amazontocaltech.png> <./pakdd/fig/dslrtocal
tech.png> <./pakdd/fig/webcamtocaltech.png>] [64 <./pakdd/fig/multi_amazon.png>
 <./pakdd/fig/multi_caltech.png>]
\openout2 = `aaai/total.aux'.

 (aaai/total.tex
Chapter 5.
[65



]
Overfull \hbox (21.55948pt too wide) in paragraph at lines 22--22
[]\OT1/txr/bx/n/17.28 Generalized Dis-til-la-tion for Semi-supervised Do-main A
dap-
 []

<aaai/figure/GD.png, id=375, 484.209pt x 163.812pt>
File: aaai/figure/GD.png Graphic file (type png)
 <use aaai/figure/GD.png>
Package pdftex.def Info: aaai/figure/GD.png used on input line 26.
(pdftex.def)             Requested size: 290.52763pt x 98.28795pt.

Overfull \hbox (15.0398pt too wide) in paragraph at lines 23--29
\OT1/txr/m/n/12 As pre-vi-ously men-tioned, GDSDA is a paradigm us-ing gen-er-a
l-ized dis-til-la-tion for semi-supervised
 []

[66] <aaai/figure/multi-GDDA.png, id=379, 622.9674pt x 357.9774pt>
File: aaai/figure/multi-GDDA.png Graphic file (type png)

<use aaai/figure/multi-GDDA.png>
Package pdftex.def Info: aaai/figure/multi-GDDA.png used on input line 53.
(pdftex.def)             Requested size: 311.48294pt x 178.98825pt.
 [67 <./aaai/figure/GD.png>] [68 <./aaai/figure/multi-GDDA.png>] <aaai/figure/e
xplain.png, id=388, 428.3202pt x 487.5816pt>
File: aaai/figure/explain.png Graphic file (type png)

<use aaai/figure/explain.png>
Package pdftex.def Info: aaai/figure/explain.png used on input line 76.
(pdftex.def)             Requested size: 299.8221pt x 341.3048pt.
 [69 <./aaai/figure/explain.png>] [70] [71]
[72] [73]
Overfull \hbox (1.38135pt too wide) in paragraph at lines 222--226
[]\OT1/txr/bx/n/12 Dataset: \OT1/txr/m/n/12 We use the do-main adap-ta-tion ben
ch-mark dataset Of-fice as our ex-per-i-ment dataset.
 []

[74] <aaai/figure/cmp.png, id=409, 722.7pt x 289.08pt>
File: aaai/figure/cmp.png Graphic file (type png)

<use aaai/figure/cmp.png>
Package pdftex.def Info: aaai/figure/cmp.png used on input line 238.
(pdftex.def)             Requested size: 361.3491pt x 144.53964pt.
 [75]
<aaai/figure/dslrtoamazonlabeled1unlabeled10.png, id=413, 578.16pt x 361.35pt>
File: aaai/figure/dslrtoamazonlabeled1unlabeled10.png Graphic file (type png)

<use aaai/figure/dslrtoamazonlabeled1unlabeled10.png>
Package pdftex.def Info: aaai/figure/dslrtoamazonlabeled1unlabeled10.png used o
n input line 244.
(pdftex.def)             Requested size: 203.258pt x 127.03128pt.

<aaai/figure/dslrtoamazonlabeled1unlabeled15.png, id=414, 578.16pt x 361.35pt>
File: aaai/figure/dslrtoamazonlabeled1unlabeled15.png Graphic file (type png)

<use aaai/figure/dslrtoamazonlabeled1unlabeled15.png>
Package pdftex.def Info: aaai/figure/dslrtoamazonlabeled1unlabeled15.png used o
n input line 245.
(pdftex.def)             Requested size: 203.258pt x 127.03128pt.

<aaai/figure/dslrtoamazonlabeled1unlabeled20.png, id=415, 578.16pt x 361.35pt>
File: aaai/figure/dslrtoamazonlabeled1unlabeled20.png Graphic file (type png)

<use aaai/figure/dslrtoamazonlabeled1unlabeled20.png>
Package pdftex.def Info: aaai/figure/dslrtoamazonlabeled1unlabeled20.png used o
n input line 246.
(pdftex.def)             Requested size: 203.258pt x 127.03128pt.

<aaai/figure/webcamtoamazonlabeled1unlabeled10.png, id=416, 578.16pt x 361.35pt
>
File: aaai/figure/webcamtoamazonlabeled1unlabeled10.png Graphic file (type png)

 <use aaai/figure/webcamtoamazonlabeled1unlabeled10.png>
Package pdftex.def Info: aaai/figure/webcamtoamazonlabeled1unlabeled10.png used
 on input line 247.
(pdftex.def)             Requested size: 203.258pt x 127.03128pt.

<aaai/figure/webcamtoamazonlabeled1unlabeled15.png, id=417, 578.16pt x 361.35pt
>
File: aaai/figure/webcamtoamazonlabeled1unlabeled15.png Graphic file (type png)

 <use aaai/figure/webcamtoamazonlabeled1unlabeled15.png>
Package pdftex.def Info: aaai/figure/webcamtoamazonlabeled1unlabeled15.png used
 on input line 248.
(pdftex.def)             Requested size: 203.258pt x 127.03128pt.

<aaai/figure/webcamtoamazonlabeled1unlabeled20.png, id=418, 578.16pt x 361.35pt
>
File: aaai/figure/webcamtoamazonlabeled1unlabeled20.png Graphic file (type png)

 <use aaai/figure/webcamtoamazonlabeled1unlabeled20.png>
Package pdftex.def Info: aaai/figure/webcamtoamazonlabeled1unlabeled20.png used
 on input line 249.
(pdftex.def)             Requested size: 203.258pt x 127.03128pt.
 [76 <./aaai/figure/cmp.png>]) [77] [78 <./aaai/figure/dslrtoamazonlabeled1unla
beled10.png> <./aaai/figure/dslrtoamazonlabeled1unlabeled15.png> <./aaai/figure
/dslrtoamazonlabeled1unlabeled20.png> <./aaai/figure/webcamtoamazonlabeled1unla
beled10.png> <./aaai/figure/webcamtoamazonlabeled1unlabeled15.png> <./aaai/figu
re/webcamtoamazonlabeled1unlabeled20.png>]
\openout2 = `conclusion.aux'.

 (conclusion.tex
Chapter 6.

Overfull \hbox (15.38724pt too wide) in paragraph at lines 5--6
\OT1/txr/m/n/12 tasks. We com-pared the per-for-mances of two CNNs ar-chi-tec-t
ures and found that GoogLeNet
 []

) [79



] [80] (Shuang.Thesis.bbl
Missing character: There is no Ì in font txr!
Missing character: There is no € in font txr!
Missing character: There is no Ð in font txr!
Missing character: There is no œ in font txr!
 [81


] [82] [83] [84]
Missing character: There is no Ê in font txr!
Missing character: There is no ¹ in font txr!
Missing character: There is no â in font txr!
Missing character: There is no € in font txr!
Missing character: There is no ” in font txr!
 [85] [86] [87] [88] [89]
[90]) [91]
\openout2 = `appendix/appendixa.aux'.

 (appendix/appendixa.tex
Appendix A.
(appendix/crossproof.tex [92


]) (appendix/converge.tex [93] [94]) [95]
Appendix B.
(cnn/googlenet.tex
Overfull \hbox (67.88246pt too wide) in paragraph at lines 6--30
 [][][][][] 
 []

)) [96

] [97


] (Shuang.Thesis.aux (introduction/total.aux) (relatedwork/total.aux) (cnn/tota
l.aux) (pakdd/total.aux) (aaai/total.aux) (conclusion.aux)
(appendix/appendixa.aux))

LaTeX Font Warning: Some font shapes were not available, defaults substituted.


LaTeX Warning: There were multiply-defined labels.

 ) 
Here is how much of TeX's memory you used:
 6547 strings out of 493334
 96899 string characters out of 3139229
 264966 words of memory out of 3000000
 9707 multiletter control sequences out of 15000+200000
 66280 words of font info for 166 fonts, out of 3000000 for 9000
 1141 hyphenation exceptions out of 8191
 44i,22n,54p,1887b,664s stack positions out of 5000i,500n,10000p,200000b,50000s
{C:/Program Files/MiKTeX 2.9/fonts/enc/dvips/fontname/8r.enc}<C:/Program File
s/MiKTeX 2.9/fonts/type1/public/txfonts/rtxb.pfb><C:/Program Files/MiKTeX 2.9/f
onts/type1/public/txfonts/rtxbmi.pfb><C:/Program Files/MiKTeX 2.9/fonts/type1/p
ublic/txfonts/rtxmi.pfb><C:/Program Files/MiKTeX 2.9/fonts/type1/public/txfonts
/rtxr.pfb><C:/Program Files/MiKTeX 2.9/fonts/type1/public/txfonts/rtxsc.pfb><C:
/Program Files/MiKTeX 2.9/fonts/type1/public/txfonts/txex.pfb><C:/Program Files
/MiKTeX 2.9/fonts/type1/public/txfonts/txsy.pfb><C:/Program Files/MiKTeX 2.9/fo
nts/type1/public/txfonts/txsyc.pfb><C:/Program Files/MiKTeX 2.9/fonts/type1/urw
/times/utmb8a.pfb><C:/Program Files/MiKTeX 2.9/fonts/type1/urw/times/utmr8a.pfb
><C:/Program Files/MiKTeX 2.9/fonts/type1/urw/times/utmri8a.pfb>
Output written on Shuang.Thesis.pdf (111 pages, 14267168 bytes).
PDF statistics:
 535 PDF objects out of 1000 (max. 8388607)
 0 named destinations out of 1000 (max. 500000)
 371 words of extra memory for PDF output out of 10000 (max. 10000000)

